<?xml version="1.0" encoding="UTF-8"?>
<!-- Generated by org.testng.reporters.JUnitXMLReporter -->
<testsuite ignored="0" hostname="Lenovo-PC" failures="1" tests="2" name="Test" time="74.801" errors="0" timestamp="2020-07-24T16:35:22 IST">
  <testcase classname="demonew.paralleltestcase" name="chrome1" time="40.761"/>
  <testcase classname="demonew.paralleltestcase" name="chrome2" time="33.957">
    <failure type="java.lang.NullPointerException">
      <![CDATA[java.lang.NullPointerException
at demonew.exceldata.dataread(exceldata.java:42)
at demonew.paralleltestcase.chrome2(paralleltestcase.java:38)
at java.base/java.util.ArrayList.forEach(ArrayList.java:1507)
... Removed 27 stack frames]]>
    </failure>
  </testcase> <!-- chrome2 -->
</testsuite> <!-- Test -->
